<?xml version="1.0" encoding="UTF-8"?>
<testng-results skipped="0" failed="0" ignored="0" total="1" passed="1">
  <reporter-output>
  </reporter-output>
  <suite name="Default suite" duration-ms="32522" started-at="2018-03-06T18:01:48Z" finished-at="2018-03-06T18:02:20Z">
    <groups>
    </groups>
    <test name="Default test" duration-ms="32522" started-at="2018-03-06T18:01:48Z" finished-at="2018-03-06T18:02:20Z">
      <class name="Table_project.Table_Boldr">
        <test-method status="PASS" signature="Table_boldr()[pri:0, instance:Table_project.Table_Boldr@28d25987]" name="Table_boldr" duration-ms="32346" started-at="2018-03-06T18:01:48Z" finished-at="2018-03-06T18:02:20Z">
          <reporter-output>
          </reporter-output>
        </test-method> <!-- Table_boldr -->
      </class> <!-- Table_project.Table_Boldr -->
    </test> <!-- Default test -->
  </suite> <!-- Default suite -->
</testng-results>
